#
# There is insufficient memory for the Java Runtime Environment to continue.
# Native memory allocation (malloc) failed to allocate 567216 bytes for Chunk::new
# Possible reasons:
#   The system is out of physical RAM or swap space
#   The process is running with CompressedOops enabled, and the Java Heap may be blocking the growth of the native heap
# Possible solutions:
#   Reduce memory load on the system
#   Increase physical memory or swap space
#   Check if swap backing store is full
#   Decrease Java heap size (-Xmx/-Xms)
#   Decrease number of Java threads
#   Decrease Java thread stack sizes (-Xss)
#   Set larger code cache with -XX:ReservedCodeCacheSize=
#   JVM is running with Unscaled Compressed Oops mode in which the Java heap is
#     placed in the first 4GB address space. The Java Heap base address is the
#     maximum limit for the native heap growth. Please use -XX:HeapBaseMinAddress
#     to set the Java Heap base and to place the Java Heap above 4GB virtual address.
# This output file may be truncated or incomplete.
#
#  Out of Memory Error (allocation.cpp:390), pid=10444, tid=0x00000000000023d4
#
# JRE version: Java(TM) SE Runtime Environment (8.0_201-b09) (build 1.8.0_201-b09)
# Java VM: Java HotSpot(TM) 64-Bit Server VM (25.201-b09 mixed mode windows-amd64 compressed oops)
# Failed to write core dump. Minidumps are not enabled by default on client versions of Windows
#

---------------  T H R E A D  ---------------

Current thread (0x000000001a248800):  JavaThread "C2 CompilerThread1" daemon [_thread_in_native, id=9172, stack(0x000000001ab90000,0x000000001ac90000)]

Stack: [0x000000001ab90000,0x000000001ac90000]
[error occurred during error reporting (printing stack bounds), id 0xc0000005]

Native frames: (J=compiled Java code, j=interpreted, Vv=VM code, C=native code)


Current CompileTask:
C2:  26578 5063   !   4       com.sun.org.apache.xerces.internal.impl.XMLDocumentFragmentScannerImpl$FragmentContentDriver::next (2346 bytes)


---------------  P R O C E S S  ---------------

Java Threads: ( => current thread )
  0x000000001b16d000 JavaThread "http-bio-9101-exec-10" daemon [_thread_in_vm, id=5300, stack(0x0000000029e10000,0x0000000029f10000)]
  0x000000001b16c800 JavaThread "http-bio-9101-exec-9" daemon [_thread_blocked, id=2536, stack(0x0000000029d10000,0x0000000029e10000)]
  0x000000001fd21000 JavaThread "http-bio-9101-exec-8" daemon [_thread_in_native, id=11840, stack(0x0000000029c10000,0x0000000029d10000)]
  0x000000001eb10000 JavaThread "http-bio-9101-exec-7" daemon [_thread_in_native, id=15700, stack(0x0000000029b10000,0x0000000029c10000)]
  0x000000001fbe9000 JavaThread "http-bio-9101-exec-6" daemon [_thread_in_native, id=11412, stack(0x0000000029a10000,0x0000000029b10000)]
  0x0000000021979000 JavaThread "http-bio-9101-exec-5" daemon [_thread_blocked, id=1276, stack(0x0000000029910000,0x0000000029a10000)]
  0x000000001fdc5000 JavaThread "http-bio-9101-exec-4" daemon [_thread_in_native, id=2788, stack(0x0000000029810000,0x0000000029910000)]
  0x000000001db6a800 JavaThread "http-bio-9101-exec-3" daemon [_thread_blocked, id=9628, stack(0x0000000029710000,0x0000000029810000)]
  0x000000001fae8000 JavaThread "http-bio-9101-exec-2" daemon [_thread_in_native, id=7516, stack(0x0000000029610000,0x0000000029710000)]
  0x000000001d870800 JavaThread "http-bio-9101-exec-1" daemon [_thread_blocked, id=9404, stack(0x0000000029510000,0x0000000029610000)]
  0x000000001be52000 JavaThread "http-bio-9101-AsyncTimeout" daemon [_thread_blocked, id=15784, stack(0x0000000029410000,0x0000000029510000)]
  0x000000002048c800 JavaThread "http-bio-9101-Acceptor-0" daemon [_thread_in_native, id=7552, stack(0x00000000231e0000,0x00000000232e0000)]
  0x000000001ecd2800 JavaThread "ContainerBackgroundProcessor[StandardEngine[Tomcat]]" daemon [_thread_blocked, id=15012, stack(0x0000000021cd0000,0x0000000021dd0000)]
  0x000000001bc54800 JavaThread "Thread-2" daemon [_thread_in_native, id=13292, stack(0x0000000021bd0000,0x0000000021cd0000)]
  0x000000001a2ff800 JavaThread "Service Thread" daemon [_thread_blocked, id=1664, stack(0x000000001ae90000,0x000000001af90000)]
  0x000000001a251800 JavaThread "C1 CompilerThread3" daemon [_thread_blocked, id=14160, stack(0x000000001ad90000,0x000000001ae90000)]
  0x000000001a24d000 JavaThread "C2 CompilerThread2" daemon [_thread_in_native, id=7320, stack(0x000000001ac90000,0x000000001ad90000)]
=>0x000000001a248800 JavaThread "C2 CompilerThread1" daemon [_thread_in_native, id=9172, stack(0x000000001ab90000,0x000000001ac90000)]
  0x000000001a245800 JavaThread "C2 CompilerThread0" daemon [_thread_in_native, id=13144, stack(0x000000001aa90000,0x000000001ab90000)]
  0x000000001a22e800 JavaThread "Monitor Ctrl-Break" daemon [_thread_in_native, id=16760, stack(0x000000001a990000,0x000000001aa90000)]
  0x000000001a21c000 JavaThread "Attach Listener" daemon [_thread_blocked, id=15196, stack(0x000000001a890000,0x000000001a990000)]
  0x000000001a1c8800 JavaThread "Signal Dispatcher" daemon [_thread_blocked, id=6568, stack(0x000000001a790000,0x000000001a890000)]
  0x000000001a1b1000 JavaThread "Finalizer" daemon [_thread_blocked, id=7536, stack(0x000000001a690000,0x000000001a790000)]
  0x000000001a1b0800 JavaThread "Reference Handler" daemon [_thread_blocked, id=18308, stack(0x000000001a590000,0x000000001a690000)]
  0x00000000033c2800 JavaThread "main" [_thread_blocked, id=8516, stack(0x00000000030a0000,0x00000000031a0000)]

Other Threads:
  0x00000000183b9800 VMThread [stack: 0x000000001a090000,0x000000001a190000] [id=12896]
  0x000000001a316000 WatcherThread [stack: 0x000000001af90000,0x000000001b090000] [id=10388]

VM state:not at safepoint (normal execution)

VM Mutex/Monitor currently owned by a thread:  ([mutex/lock_event])
[0x00000000031fd490] CodeCache_lock - owner thread: 0x000000001a245800
[0x00000000033c0a50] Compile_lock - owner thread: 0x000000001a245800
[0x00000000033c00d0] MethodCompileQueue_lock - owner thread: 0x0000000000000000

heap address: 0x0000000082600000, size: 2010 MB, Compressed Oops mode: 32-bit
Narrow klass base: 0x0000000000000000, Narrow klass shift: 3
Compressed class space size: 1073741824 Address: 0x0000000100000000

Heap:
 PSYoungGen      total 208384K, used 64778K [0x00000000d6200000, 0x00000000e5500000, 0x0000000100000000)
  eden space 190976K, 33% used [0x00000000d6200000,0x00000000da142a20,0x00000000e1c80000)
  from space 17408K, 0% used [0x00000000e3300000,0x00000000e3300000,0x00000000e4400000)
  to   space 23040K, 0% used [0x00000000e1c80000,0x00000000e1c80000,0x00000000e3300000)
 ParOldGen       total 70144K, used 41342K [0x0000000082600000, 0x0000000086a80000, 0x00000000d6200000)
  object space 70144K, 58% used [0x0000000082600000,0x0000000084e5faf0,0x0000000086a80000)
 Metaspace       used 34499K, capacity 35154K, committed 35376K, reserved 1081344K
  class space    used 4133K, capacity 4299K, committed 4400K, reserved 1048576K

Card table byte_map: [0x0000000012880000,0x0000000012c70000] byte_map_base: 0x000000001246d000

Marking Bits: (ParMarkBitMap*) 0x0000000055314ce0
 Begin Bits: [0x0000000013710000, 0x0000000015678000)
 End Bits:   [0x0000000015678000, 0x00000000175e0000)

Polling page: 0x0000000000fe0000

CodeCache: size=245760Kb used=14150Kb max_used=15720Kb free=231609Kb
 bounds [0x00000000034c0000, 0x0000000004480000, 0x00000000124c0000]
 total_blobs=4729 nmethods=4288 adapters=353
 compilation: enabled

Compilation events (10 events):
Event: 26.569 Thread 0x000000001a251800 5106       2       com.sun.org.apache.xerces.internal.impl.xs.XSAttributeDecl::setValues (46 bytes)
Event: 26.569 Thread 0x000000001a251800 nmethod 5106 0x0000000004113a50 code [0x0000000004113ba0, 0x0000000004113d70]
Event: 26.569 Thread 0x000000001a251800 5082       3       com.sun.org.apache.xerces.internal.impl.xs.traversers.XSDHandler::schemaDocument2SystemId (17 bytes)
Event: 26.570 Thread 0x000000001a251800 nmethod 5082 0x0000000003bd4f10 code [0x0000000003bd5080, 0x0000000003bd5388]
Event: 26.570 Thread 0x000000001a251800 5109       1       com.sun.org.apache.xerces.internal.impl.xs.XMLSchemaValidator$XPathMatcherStack::getMatcherCount (5 bytes)
Event: 26.570 Thread 0x000000001a251800 nmethod 5109 0x00000000040c7590 code [0x00000000040c76e0, 0x00000000040c77f0]
Event: 26.570 Thread 0x000000001a251800 5088       1       com.sun.org.apache.xerces.internal.impl.xs.XSElementDecl::getNamespaceItem (5 bytes)
Event: 26.570 Thread 0x000000001a251800 nmethod 5088 0x00000000039f8bd0 code [0x00000000039f8d20, 0x00000000039f8e30]
Event: 26.573 Thread 0x000000001a24d000 nmethod 5016% 0x000000000424ced0 code [0x000000000424d0e0, 0x000000000424e588]
Event: 26.573 Thread 0x000000001a24d000 5110       4       java.lang.String::toUpperCase (439 bytes)

GC Heap History (10 events):
Event: 3.630 GC heap before
{Heap before GC invocations=9 (full 1):
 PSYoungGen      total 141824K, used 141822K [0x00000000d6200000, 0x00000000e4400000, 0x0000000100000000)
  eden space 130048K, 100% used [0x00000000d6200000,0x00000000de100000,0x00000000de100000)
  from space 11776K, 99% used [0x00000000de100000,0x00000000dec7f8b8,0x00000000dec80000)
  to   space 17408K, 0% used [0x00000000e3300000,0x00000000e3300000,0x00000000e4400000)
 ParOldGen       total 70144K, used 23823K [0x0000000082600000, 0x0000000086a80000, 0x00000000d6200000)
  object space 70144K, 33% used [0x0000000082600000,0x0000000083d43f30,0x0000000086a80000)
 Metaspace       used 24039K, capacity 24562K, committed 24752K, reserved 1071104K
  class space    used 2803K, capacity 2967K, committed 2992K, reserved 1048576K
Event: 3.647 GC heap after
Heap after GC invocations=9 (full 1):
 PSYoungGen      total 208384K, used 17383K [0x00000000d6200000, 0x00000000e5500000, 0x0000000100000000)
  eden space 190976K, 0% used [0x00000000d6200000,0x00000000d6200000,0x00000000e1c80000)
  from space 17408K, 99% used [0x00000000e3300000,0x00000000e43f9fe0,0x00000000e4400000)
  to   space 23040K, 0% used [0x00000000e1c80000,0x00000000e1c80000,0x00000000e3300000)
 ParOldGen       total 70144K, used 31458K [0x0000000082600000, 0x0000000086a80000, 0x00000000d6200000)
  object space 70144K, 44% used [0x0000000082600000,0x00000000844b8880,0x0000000086a80000)
 Metaspace       used 24039K, capacity 24562K, committed 24752K, reserved 1071104K
  class space    used 2803K, capacity 2967K, committed 2992K, reserved 1048576K
}
Event: 4.311 GC heap before
{Heap before GC invocations=10 (full 1):
 PSYoungGen      total 208384K, used 208359K [0x00000000d6200000, 0x00000000e5500000, 0x0000000100000000)
  eden space 190976K, 100% used [0x00000000d6200000,0x00000000e1c80000,0x00000000e1c80000)
  from space 17408K, 99% used [0x00000000e3300000,0x00000000e43f9fe0,0x00000000e4400000)
  to   space 23040K, 0% used [0x00000000e1c80000,0x00000000e1c80000,0x00000000e3300000)
 ParOldGen       total 70144K, used 31458K [0x0000000082600000, 0x0000000086a80000, 0x00000000d6200000)
  object space 70144K, 44% used [0x0000000082600000,0x00000000844b8880,0x0000000086a80000)
 Metaspace       used 24049K, capacity 24630K, committed 24752K, reserved 1071104K
  class space    used 2804K, capacity 2967K, committed 2992K, reserved 1048576K
Event: 4.371 GC heap after
Heap after GC invocations=10 (full 1):
 PSYoungGen      total 214016K, used 23009K [0x00000000d6200000, 0x00000000e5500000, 0x0000000100000000)
  eden space 190976K, 0% used [0x00000000d6200000,0x00000000d6200000,0x00000000e1c80000)
  from space 23040K, 99% used [0x00000000e1c80000,0x00000000e32f8600,0x00000000e3300000)
  to   space 17408K, 0% used [0x00000000e3300000,0x00000000e3300000,0x00000000e4400000)
 ParOldGen       total 70144K, used 44780K [0x0000000082600000, 0x0000000086a80000, 0x00000000d6200000)
  object space 70144K, 63% used [0x0000000082600000,0x00000000851bb360,0x0000000086a80000)
 Metaspace       used 24049K, capacity 24630K, committed 24752K, reserved 1071104K
  class space    used 2804K, capacity 2967K, committed 2992K, reserved 1048576K
}
Event: 4.819 GC heap before
{Heap before GC invocations=11 (full 1):
 PSYoungGen      total 214016K, used 213985K [0x00000000d6200000, 0x00000000e5500000, 0x0000000100000000)
  eden space 190976K, 100% used [0x00000000d6200000,0x00000000e1c80000,0x00000000e1c80000)
  from space 23040K, 99% used [0x00000000e1c80000,0x00000000e32f8600,0x00000000e3300000)
  to   space 17408K, 0% used [0x00000000e3300000,0x00000000e3300000,0x00000000e4400000)
 ParOldGen       total 70144K, used 44780K [0x0000000082600000, 0x0000000086a80000, 0x00000000d6200000)
  object space 70144K, 63% used [0x0000000082600000,0x00000000851bb360,0x0000000086a80000)
 Metaspace       used 24052K, capacity 24630K, committed 24752K, reserved 1071104K
  class space    used 2804K, capacity 2967K, committed 2992K, reserved 1048576K
Event: 4.869 GC heap after
Heap after GC invocations=11 (full 1):
 PSYoungGen      total 208384K, used 17383K [0x00000000d6200000, 0x00000000e5500000, 0x0000000100000000)
  eden space 190976K, 0% used [0x00000000d6200000,0x00000000d6200000,0x00000000e1c80000)
  from space 17408K, 99% used [0x00000000e3300000,0x00000000e43f9fe0,0x00000000e4400000)
  to   space 23040K, 0% used [0x00000000e1c80000,0x00000000e1c80000,0x00000000e3300000)
 ParOldGen       total 70144K, used 68148K [0x0000000082600000, 0x0000000086a80000, 0x00000000d6200000)
  object space 70144K, 97% used [0x0000000082600000,0x000000008688d3d0,0x0000000086a80000)
 Metaspace       used 24052K, capacity 24630K, committed 24752K, reserved 1071104K
  class space    used 2804K, capacity 2967K, committed 2992K, reserved 1048576K
}
Event: 4.869 GC heap before
{Heap before GC invocations=12 (full 2):
 PSYoungGen      total 208384K, used 17383K [0x00000000d6200000, 0x00000000e5500000, 0x0000000100000000)
  eden space 190976K, 0% used [0x00000000d6200000,0x00000000d6200000,0x00000000e1c80000)
  from space 17408K, 99% used [0x00000000e3300000,0x00000000e43f9fe0,0x00000000e4400000)
  to   space 23040K, 0% used [0x00000000e1c80000,0x00000000e1c80000,0x00000000e3300000)
 ParOldGen       total 70144K, used 68148K [0x0000000082600000, 0x0000000086a80000, 0x00000000d6200000)
  object space 70144K, 97% used [0x0000000082600000,0x000000008688d3d0,0x0000000086a80000)
 Metaspace       used 24052K, capacity 24630K, committed 24752K, reserved 1071104K
  class space    used 2804K, capacity 2967K, committed 2992K, reserved 1048576K
Event: 4.930 GC heap after
Heap after GC invocations=12 (full 2):
 PSYoungGen      total 208384K, used 0K [0x00000000d6200000, 0x00000000e5500000, 0x0000000100000000)
  eden space 190976K, 0% used [0x00000000d6200000,0x00000000d6200000,0x00000000e1c80000)
  from space 17408K, 0% used [0x00000000e3300000,0x00000000e3300000,0x00000000e4400000)
  to   space 23040K, 0% used [0x00000000e1c80000,0x00000000e1c80000,0x00000000e3300000)
 ParOldGen       total 70144K, used 52053K [0x0000000082600000, 0x0000000086a80000, 0x00000000d6200000)
  object space 70144K, 74% used [0x0000000082600000,0x00000000858d5600,0x0000000086a80000)
 Metaspace       used 24052K, capacity 24630K, committed 24752K, reserved 1071104K
  class space    used 2804K, capacity 2967K, committed 2992K, reserved 1048576K
}
Event: 5.928 GC heap before
{Heap before GC invocations=13 (full 3):
 PSYoungGen      total 208384K, used 190976K [0x00000000d6200000, 0x00000000e5500000, 0x0000000100000000)
  eden space 190976K, 100% used [0x00000000d6200000,0x00000000e1c80000,0x00000000e1c80000)
  from space 17408K, 0% used [0x00000000e3300000,0x00000000e3300000,0x00000000e4400000)
  to   space 23040K, 0% used [0x00000000e1c80000,0x00000000e1c80000,0x00000000e3300000)
 ParOldGen       total 70144K, used 52053K [0x0000000082600000, 0x0000000086a80000, 0x00000000d6200000)
  object space 70144K, 74% used [0x0000000082600000,0x00000000858d5600,0x0000000086a80000)
 Metaspace       used 31885K, capacity 32576K, committed 32688K, reserved 1077248K
  class space    used 3793K, capacity 3976K, committed 4016K, reserved 1048576K
Event: 6.082 GC heap after
Heap after GC invocations=13 (full 3):
 PSYoungGen      total 208384K, used 0K [0x00000000d6200000, 0x00000000e5500000, 0x0000000100000000)
  eden space 190976K, 0% used [0x00000000d6200000,0x00000000d6200000,0x00000000e1c80000)
  from space 17408K, 0% used [0x00000000e3300000,0x00000000e3300000,0x00000000e4400000)
  to   space 23040K, 0% used [0x00000000e1c80000,0x00000000e1c80000,0x00000000e3300000)
 ParOldGen       total 70144K, used 41342K [0x0000000082600000, 0x0000000086a80000, 0x00000000d6200000)
  object space 70144K, 58% used [0x0000000082600000,0x0000000084e5faf0,0x0000000086a80000)
 Metaspace       used 31885K, capacity 32576K, committed 32688K, reserved 1077248K
  class space    used 3793K, capacity 3976K, committed 4016K, reserved 1048576K
}

Deoptimization events (10 events):
Event: 13.581 Thread 0x000000001d870800 Uncommon trap: reason=unstable_if action=reinterpret pc=0x0000000003d58708 method=java.lang.ThreadLocal$ThreadLocalMap.getEntry(Ljava/lang/ThreadLocal;)Ljava/lang/ThreadLocal$ThreadLocalMap$Entry; @ 29
Event: 13.594 Thread 0x000000001d870800 Uncommon trap: reason=unstable_if action=reinterpret pc=0x0000000003d582dc method=java.lang.ThreadLocal$ThreadLocalMap.getEntry(Ljava/lang/ThreadLocal;)Ljava/lang/ThreadLocal$ThreadLocalMap$Entry; @ 29
Event: 13.600 Thread 0x000000001d870800 Uncommon trap: reason=bimorphic action=maybe_recompile pc=0x0000000003a3b840 method=java.util.regex.Pattern$5.isSatisfiedBy(I)Z @ 5
Event: 13.600 Thread 0x000000001d870800 Uncommon trap: reason=bimorphic action=maybe_recompile pc=0x0000000003a3b840 method=java.util.regex.Pattern$5.isSatisfiedBy(I)Z @ 5
Event: 13.600 Thread 0x000000001d870800 Uncommon trap: reason=bimorphic action=maybe_recompile pc=0x0000000003a3b840 method=java.util.regex.Pattern$5.isSatisfiedBy(I)Z @ 5
Event: 13.600 Thread 0x000000001d870800 Uncommon trap: reason=bimorphic action=maybe_recompile pc=0x0000000003a3b840 method=java.util.regex.Pattern$5.isSatisfiedBy(I)Z @ 5
Event: 20.895 Thread 0x0000000021979000 Uncommon trap: reason=unstable_if action=reinterpret pc=0x0000000003791700 method=java.nio.Buffer.limit(I)Ljava/nio/Buffer; @ 33
Event: 26.451 Thread 0x000000001b16d000 Uncommon trap: reason=unstable_if action=reinterpret pc=0x00000000042d490c method=java.util.LinkedHashMap.afterNodeAccess(Ljava/util/HashMap$Node;)V @ 41
Event: 26.532 Thread 0x000000001b16d000 Uncommon trap: reason=class_check action=maybe_recompile pc=0x00000000037588a4 method=com.sun.org.apache.xerces.internal.impl.XMLDocumentFragmentScannerImpl$FragmentContentDriver.next()I @ 1410
Event: 26.537 Thread 0x000000001b16d000 Uncommon trap: reason=class_check action=maybe_recompile pc=0x00000000037588a4 method=com.sun.org.apache.xerces.internal.impl.XMLDocumentFragmentScannerImpl$FragmentContentDriver.next()I @ 1410

Classes redefined (0 events):
No events

Internal exceptions (10 events):
Event: 26.507 Thread 0x000000001b16d000 Exception <a 'java/lang/ClassNotFoundException': org/springframework/web/servlet/DispatcherServletBeanInfo> (0x00000000d9978cd8) thrown at [C:\re\workspace\8-2-build-windows-amd64-cygwin\jdk8u201\12322\hotspot\src\share\vm\classfile\systemDictionary.cpp, 
Event: 26.508 Thread 0x000000001b16d000 Exception <a 'java/lang/ClassNotFoundException': org/springframework/web/servlet/FrameworkServletBeanInfo> (0x00000000d999dea0) thrown at [C:\re\workspace\8-2-build-windows-amd64-cygwin\jdk8u201\12322\hotspot\src\share\vm\classfile\systemDictionary.cpp, l
Event: 26.509 Thread 0x000000001b16d000 Exception <a 'java/lang/ClassNotFoundException': org/springframework/web/servlet/HttpServletBeanBeanInfo> (0x00000000d99c2940) thrown at [C:\re\workspace\8-2-build-windows-amd64-cygwin\jdk8u201\12322\hotspot\src\share\vm\classfile\systemDictionary.cpp, li
Event: 26.509 Thread 0x000000001b16d000 Exception <a 'java/lang/ClassNotFoundException': javax/servlet/http/HttpServletBeanInfo> (0x00000000d99d86b8) thrown at [C:\re\workspace\8-2-build-windows-amd64-cygwin\jdk8u201\12322\hotspot\src\share\vm\classfile\systemDictionary.cpp, line 210]
Event: 26.510 Thread 0x000000001b16d000 Exception <a 'java/lang/ClassNotFoundException': javax/servlet/GenericServletBeanInfo> (0x00000000d99edcc8) thrown at [C:\re\workspace\8-2-build-windows-amd64-cygwin\jdk8u201\12322\hotspot\src\share\vm\classfile\systemDictionary.cpp, line 210]
Event: 26.511 Thread 0x000000001b16d000 Exception <a 'java/lang/ClassNotFoundException': javax/servlet/GenericServletCustomizer> (0x00000000d9a03938) thrown at [C:\re\workspace\8-2-build-windows-amd64-cygwin\jdk8u201\12322\hotspot\src\share\vm\classfile\systemDictionary.cpp, line 210]
Event: 26.512 Thread 0x000000001b16d000 Exception <a 'java/lang/ClassNotFoundException': javax/servlet/http/HttpServletCustomizer> (0x00000000d9a23c68) thrown at [C:\re\workspace\8-2-build-windows-amd64-cygwin\jdk8u201\12322\hotspot\src\share\vm\classfile\systemDictionary.cpp, line 210]
Event: 26.513 Thread 0x000000001b16d000 Exception <a 'java/lang/ClassNotFoundException': org/springframework/web/servlet/HttpServletBeanCustomizer> (0x00000000d9a4c918) thrown at [C:\re\workspace\8-2-build-windows-amd64-cygwin\jdk8u201\12322\hotspot\src\share\vm\classfile\systemDictionary.cpp, 
Event: 26.513 Thread 0x000000001b16d000 Exception <a 'java/lang/ClassNotFoundException': org/springframework/web/servlet/FrameworkServletCustomizer> (0x00000000d9a7c960) thrown at [C:\re\workspace\8-2-build-windows-amd64-cygwin\jdk8u201\12322\hotspot\src\share\vm\classfile\systemDictionary.cpp,
Event: 26.514 Thread 0x000000001b16d000 Exception <a 'java/lang/ClassNotFoundException': org/springframework/web/servlet/DispatcherServletCustomizer> (0x00000000d9ac19e0) thrown at [C:\re\workspace\8-2-build-windows-amd64-cygwin\jdk8u201\12322\hotspot\src\share\vm\classfile\systemDictionary.cpp

Events (10 events):
Event: 26.572 loading class com/ibm/websphere/management$AdminServiceFactory
Event: 26.572 loading class com/ibm/websphere/management$AdminServiceFactory done
Event: 26.572 loading class com/ibm/websphere/management$AdminServiceFactory
Event: 26.572 loading class com/ibm/websphere/management$AdminServiceFactory done
Event: 26.572 loading class org/springframework/context/support/PropertySourcesPlaceholderConfigurer
Event: 26.572 loading class org/springframework/context/support/PropertySourcesPlaceholderConfigurer done
Event: 26.573 loading class org/springframework/beans/factory/config/PlaceholderConfigurerSupport
Event: 26.573 loading class org/springframework/beans/factory/config/PlaceholderConfigurerSupport done
Event: 26.573 loading class org/springframework/beans/factory/config/PropertyResourceConfigurer
Event: 26.573 loading class org/springframework/beans/factory/config/PropertyResourceConfigurer done


Dynamic libraries:
0x00007ff6780d0000 - 0x00007ff678107000 	D:\java\jdk1.8.0_201\bin\java.exe
0x00007ffb52910000 - 0x00007ffb52af1000 	C:\Windows\SYSTEM32\ntdll.dll
0x00007ffb50090000 - 0x00007ffb50141000 	C:\Windows\System32\KERNEL32.DLL
0x00007ffb4efa0000 - 0x00007ffb4f213000 	C:\Windows\System32\KERNELBASE.dll
0x00007ffb50d00000 - 0x00007ffb50da1000 	C:\Windows\System32\ADVAPI32.dll
0x00007ffb50930000 - 0x00007ffb509ce000 	C:\Windows\System32\msvcrt.dll
0x00007ffb508d0000 - 0x00007ffb5092b000 	C:\Windows\System32\sechost.dll
0x00007ffb504b0000 - 0x00007ffb505d4000 	C:\Windows\System32\RPCRT4.dll
0x00007ffb50320000 - 0x00007ffb504b0000 	C:\Windows\System32\USER32.dll
0x00007ffb4f220000 - 0x00007ffb4f240000 	C:\Windows\System32\win32u.dll
0x00007ffb508a0000 - 0x00007ffb508c8000 	C:\Windows\System32\GDI32.dll
0x00007ffb4f950000 - 0x00007ffb4fae2000 	C:\Windows\System32\gdi32full.dll
0x00007ffb4faf0000 - 0x00007ffb4fb8f000 	C:\Windows\System32\msvcp_win.dll
0x00007ffb4fca0000 - 0x00007ffb4fd98000 	C:\Windows\System32\ucrtbase.dll
0x00007ffb3ed30000 - 0x00007ffb3ef99000 	C:\Windows\WinSxS\amd64_microsoft.windows.common-controls_6595b64144ccf1df_6.0.17134.706_none_fb43a2cb30647007\COMCTL32.dll
0x00007ffb509d0000 - 0x00007ffb50cf2000 	C:\Windows\System32\combase.dll
0x00007ffb4eed0000 - 0x00007ffb4ef4a000 	C:\Windows\System32\bcryptPrimitives.dll
0x00007ffb502f0000 - 0x00007ffb5031d000 	C:\Windows\System32\IMM32.DLL
0x00000000553a0000 - 0x0000000055471000 	D:\java\jdk1.8.0_201\jre\bin\msvcr100.dll
0x0000000054af0000 - 0x0000000055394000 	D:\java\jdk1.8.0_201\jre\bin\server\jvm.dll
0x00007ffb50890000 - 0x00007ffb50898000 	C:\Windows\System32\PSAPI.DLL
0x00007ffb3ebb0000 - 0x00007ffb3ebb9000 	C:\Windows\SYSTEM32\WSOCK32.dll
0x00007ffb4c670000 - 0x00007ffb4c693000 	C:\Windows\SYSTEM32\WINMM.dll
0x00007ffb489b0000 - 0x00007ffb489ba000 	C:\Windows\SYSTEM32\VERSION.dll
0x00007ffb50760000 - 0x00007ffb507cc000 	C:\Windows\System32\WS2_32.dll
0x00007ffb4c560000 - 0x00007ffb4c58a000 	C:\Windows\SYSTEM32\WINMMBASE.dll
0x00007ffb4ef50000 - 0x00007ffb4ef99000 	C:\Windows\System32\cfgmgr32.dll
0x00007ffb2ffe0000 - 0x00007ffb2ffef000 	D:\java\jdk1.8.0_201\jre\bin\verify.dll
0x00007ffb17160000 - 0x00007ffb17189000 	D:\java\jdk1.8.0_201\jre\bin\java.dll
0x00007ffb2fcd0000 - 0x00007ffb2fcf3000 	D:\java\jdk1.8.0_201\jre\bin\instrument.dll
0x00007ffb24480000 - 0x00007ffb24496000 	D:\java\jdk1.8.0_201\jre\bin\zip.dll
0x00007ffb514a0000 - 0x00007ffb528e0000 	C:\Windows\System32\SHELL32.dll
0x00007ffb513e0000 - 0x00007ffb51489000 	C:\Windows\System32\shcore.dll
0x00007ffb4f240000 - 0x00007ffb4f94d000 	C:\Windows\System32\windows.storage.dll
0x00007ffb50700000 - 0x00007ffb50751000 	C:\Windows\System32\shlwapi.dll
0x00007ffb4ecc0000 - 0x00007ffb4ecd1000 	C:\Windows\System32\kernel.appcore.dll
0x00007ffb4ec30000 - 0x00007ffb4ec4f000 	C:\Windows\System32\profapi.dll
0x00007ffb4ec50000 - 0x00007ffb4ec9c000 	C:\Windows\System32\powrprof.dll
0x00007ffb4ec20000 - 0x00007ffb4ec2a000 	C:\Windows\System32\FLTLIB.DLL
0x00007ffb47bc0000 - 0x00007ffb47bda000 	D:\javasoft\IntelliJ IDEA 2017.3.4\bin\breakgen64.dll
0x00007ffb425e0000 - 0x00007ffb425fa000 	D:\java\jdk1.8.0_201\jre\bin\net.dll
0x00007ffb3d120000 - 0x00007ffb3d2e8000 	C:\Windows\SYSTEM32\urlmon.dll
0x00007ffb3e1b0000 - 0x00007ffb3e456000 	C:\Windows\SYSTEM32\iertutil.dll
0x00007ffb4e670000 - 0x00007ffb4e67b000 	C:\Windows\SYSTEM32\CRYPTBASE.DLL
0x00007ffb4e4a0000 - 0x00007ffb4e506000 	C:\Windows\system32\mswsock.dll
0x00007ffb4e650000 - 0x00007ffb4e667000 	C:\Windows\SYSTEM32\CRYPTSP.dll
0x00007ffb4e080000 - 0x00007ffb4e0b3000 	C:\Windows\system32\rsaenh.dll
0x00007ffb4e780000 - 0x00007ffb4e7a5000 	C:\Windows\SYSTEM32\bcrypt.dll
0x00007ffb4eb50000 - 0x00007ffb4eb78000 	C:\Windows\SYSTEM32\USERENV.dll
0x00007ffb4e220000 - 0x00007ffb4e258000 	C:\Windows\SYSTEM32\IPHLPAPI.DLL
0x00007ffb51490000 - 0x00007ffb51498000 	C:\Windows\System32\NSI.dll
0x00007ffb465d0000 - 0x00007ffb465e6000 	C:\Windows\SYSTEM32\dhcpcsvc6.DLL
0x00007ffb465b0000 - 0x00007ffb465ca000 	C:\Windows\SYSTEM32\dhcpcsvc.DLL
0x00007ffb35b00000 - 0x00007ffb35b11000 	D:\java\jdk1.8.0_201\jre\bin\nio.dll
0x00007ffb47af0000 - 0x00007ffb47afa000 	C:\Users\wangchao\AppData\Local\Temp\jansi-1.16-4990139151547753741.dll
0x00007ffb47ae0000 - 0x00007ffb47aea000 	C:\Users\wangchao\AppData\Local\Temp\jansi-1.16-5753479453121724395.dll
0x00007ffb47bb0000 - 0x00007ffb47bbd000 	D:\java\jdk1.8.0_201\jre\bin\management.dll

VM Arguments:
jvm_args: -Dmaven.multiModuleProjectDirectory=D:\javasoft\IdeaProjects\pinyougou\pinyougou-parent\pinyougou-manager-web -Dmaven.home=D:\javasoft\apache-maven-3.5.2 -Dclassworlds.conf=D:\javasoft\apache-maven-3.5.2\bin\m2.conf -javaagent:D:\javasoft\IntelliJ IDEA 2017.3.4\lib\idea_rt.jar=50647:D:\javasoft\IntelliJ IDEA 2017.3.4\bin -Dfile.encoding=UTF-8 
java_command: org.codehaus.classworlds.Launcher -Didea.version=2017.3.4 --update-snapshots -s D:\javasoft\apache-maven-3.5.2\conf\settings.xml tomcat7:run
java_class_path (initial): D:\javasoft\apache-maven-3.5.2\boot\plexus-classworlds-2.5.2.jar;D:\javasoft\IntelliJ IDEA 2017.3.4\lib\idea_rt.jar
Launcher Type: SUN_STANDARD

Environment Variables:
JAVA_HOME=D:\java\jdk1.8.0_201
PATH=D:\java\jdk1.8.0_201\bin;C:\Windows\system32;C:\Windows;C:\Windows\System32\Wbem;C:\Windows\System32\WindowsPowerShell\v1.0\;C:\Windows\System32\OpenSSH\;C:\Program Files (x86)\NVIDIA Corporation\PhysX\Common;D:\Program Files\MySQL\MySQL Server 5.5\bin;D:\javasoft\apache-maven-3.5.2\bin;C:\Program Files\Intel\WiFi\bin\;C:\Program Files\Common Files\Intel\WirelessCommon\;D:\javasoft\git\Git\cmd;D:\javasoft\git\tortoiseGit\bin;D:\javasoft\svn\VisualSVN Server\bin;D:\javasoft\svn\TortoiseSVN\bin;D:\javasoft\linux\VanDykeSoftware\Clients\;C:\Users\wangchao\AppData\Local\Microsoft\WindowsApps;
USERNAME=王超
OS=Windows_NT
PROCESSOR_IDENTIFIER=Intel64 Family 6 Model 142 Stepping 11, GenuineIntel



---------------  S Y S T E M  ---------------

OS: Windows 10.0 , 64 bit Build 17134 (10.0.17134.706)

CPU:total 8 (initial active 8) (4 cores per cpu, 2 threads per core) family 6 model 142 stepping 11, cmov, cx8, fxsr, mmx, sse, sse2, sse3, ssse3, sse4.1, sse4.2, popcnt, avx, avx2, aes, clmul, erms, 3dnowpref, lzcnt, ht, tsc, tscinvbit, bmi1, bmi2, adx

Memory: 4k page, physical 8230708k(355236k free), swap 18716464k(4360k free)

vm_info: Java HotSpot(TM) 64-Bit Server VM (25.201-b09) for windows-amd64 JRE (1.8.0_201-b09), built on Dec 15 2018 18:36:39 by "java_re" with MS VC++ 10.0 (VS2010)

time: Tue May 07 15:24:31 2019
timezone: 中国标准时间
elapsed time: 26 seconds (0d 0h 0m 26s)

